TN:
SF:src/router.ts
FN:17,(anonymous_0)
FN:25,(anonymous_1)
FNF:2
FNH:2
FNDA:4,(anonymous_0)
FNDA:5,(anonymous_1)
DA:1,3
DA:2,3
DA:3,3
DA:4,3
DA:5,3
DA:8,3
DA:10,3
DA:15,3
DA:17,4
DA:22,3
DA:25,5
DA:31,3
DA:37,3
DA:42,3
LF:14
LH:14
BRF:0
BRH:0
end_of_record
TN:
SF:src/server.ts
FN:9,connectDB
FN:24,(anonymous_2)
FNF:2
FNH:2
FNDA:4,connectDB
FNDA:1,(anonymous_2)
DA:1,3
DA:2,3
DA:3,3
DA:4,3
DA:6,3
DA:8,3
DA:9,3
DA:10,4
DA:11,4
DA:12,2
DA:13,2
DA:15,1
DA:18,3
DA:23,3
DA:24,3
DA:25,1
DA:28,3
LF:17
LH:17
BRF:0
BRH:0
end_of_record
TN:
SF:src/config/db.ts
FNF:0
FNH:0
DA:2,3
DA:3,3
DA:4,3
DA:5,3
DA:9,3
LF:5
LH:5
BRF:0
BRH:0
end_of_record
TN:
SF:src/handlers/product.ts
FN:5,(anonymous_1)
FN:20,(anonymous_2)
FN:36,(anonymous_3)
FN:51,(anonymous_4)
FN:65,(anonymous_5)
FN:78,(anonymous_6)
FNF:6
FNH:6
FNDA:2,(anonymous_1)
FNDA:2,(anonymous_2)
FNDA:1,(anonymous_3)
FNDA:2,(anonymous_4)
FNDA:2,(anonymous_5)
FNDA:2,(anonymous_6)
DA:3,3
DA:5,3
DA:8,2
DA:9,2
DA:14,2
DA:16,0
DA:20,3
DA:21,2
DA:22,2
DA:23,2
DA:24,2
DA:26,2
DA:27,1
DA:29,1
DA:32,0
DA:36,3
DA:42,1
DA:43,1
DA:44,1
DA:46,0
DA:51,3
DA:53,2
DA:54,2
DA:55,2
DA:56,1
DA:58,1
DA:59,1
DA:60,1
DA:65,3
DA:66,2
DA:67,2
DA:68,2
DA:69,2
DA:70,1
DA:71,1
DA:73,1
DA:74,1
DA:75,1
DA:78,3
DA:79,2
DA:80,2
DA:82,2
DA:83,1
DA:84,1
DA:86,1
DA:87,1
LF:46
LH:43
BRDA:26,0,0,1
BRDA:26,0,1,1
BRDA:55,1,0,1
BRDA:55,1,1,1
BRDA:69,2,0,1
BRDA:82,3,0,1
BRF:6
BRH:6
end_of_record
TN:
SF:src/middleware/index.ts
FN:4,(anonymous_0)
FNF:1
FNH:1
FNDA:18,(anonymous_0)
DA:2,3
DA:4,3
DA:5,18
DA:6,18
DA:7,18
DA:8,9
DA:10,9
LF:7
LH:7
BRDA:7,0,0,9
BRDA:7,0,1,9
BRF:2
BRH:2
end_of_record
TN:
SF:src/models/Product.model.ts
FNF:0
FNH:0
DA:1,4
DA:7,4
DA:11,4
DA:16,4
DA:21,4
DA:24,4
LF:6
LH:6
BRF:0
BRH:0
end_of_record
